<?xml version="1.0" encoding="UTF-8"?>
<!-- Generated by org.testng.reporters.JUnitReportReporter -->
<testsuite hostname="DESKTOP-QA5OJEI" failures="0" tests="10" name="testNG.VerifySignUpPage" time="12.552" errors="2" timestamp="2023-03-30T10:50:15 IST" skipped="8">
  <testcase classname="testNG.VerifySignUpPage" name="signupPage2" time="0.000">
    <skipped/>
  </testcase> <!-- signupPage2 -->
  <system-out/>
  <testcase classname="testNG.VerifySignUpPage" name="signupPage2" time="0.000">
    <skipped/>
  </testcase> <!-- signupPage2 -->
  <system-out/>
  <testcase classname="testNG.VerifySignUpPage" name="signpage2" time="0.000">
    <skipped/>
  </testcase> <!-- signpage2 -->
  <system-out/>
  <testcase classname="testNG.VerifySignUpPage" name="signpage2" time="0.000">
    <skipped/>
  </testcase> <!-- signpage2 -->
  <system-out/>
  <testcase classname="testNG.VerifySignUpPage" name="beforeMethod" time="5.149">
    <error message="Cannot invoke &quot;pom.loginpage.clickOnCreateNewAcc()&quot; because &quot;this.loginPage&quot; is null" type="java.lang.NullPointerException">
      <![CDATA[java.lang.NullPointerException: Cannot invoke "pom.loginpage.clickOnCreateNewAcc()" because "this.loginPage" is null
at testNG.VerifySignUpPage.beforeMethod(VerifySignUpPage.java:63)
at java.base/jdk.internal.reflect.NativeMethodAccessorImpl.invoke0(Native Method)
at java.base/jdk.internal.reflect.NativeMethodAccessorImpl.invoke(NativeMethodAccessorImpl.java:77)
at java.base/jdk.internal.reflect.DelegatingMethodAccessorImpl.invoke(DelegatingMethodAccessorImpl.java:43)
at java.base/java.lang.reflect.Method.invoke(Method.java:568)
at org.testng.internal.MethodInvocationHelper.invokeMethod(MethodInvocationHelper.java:133)
at org.testng.internal.MethodInvocationHelper.invokeMethodConsideringTimeout(MethodInvocationHelper.java:62)
at org.testng.internal.ConfigInvoker.invokeConfigurationMethod(ConfigInvoker.java:385)
at org.testng.internal.ConfigInvoker.invokeConfigurations(ConfigInvoker.java:321)
at org.testng.internal.TestInvoker.runConfigMethods(TestInvoker.java:700)
at org.testng.internal.TestInvoker.invokeMethod(TestInvoker.java:527)
at org.testng.internal.TestInvoker.invokeTestMethod(TestInvoker.java:173)
at org.testng.internal.MethodRunner.runInSequence(MethodRunner.java:46)
at org.testng.internal.TestInvoker$MethodInvocationAgent.invoke(TestInvoker.java:824)
at org.testng.internal.TestInvoker.invokeTestMethods(TestInvoker.java:146)
at org.testng.internal.TestMethodWorker.invokeTestMethods(TestMethodWorker.java:146)
at org.testng.internal.TestMethodWorker.run(TestMethodWorker.java:128)
at java.base/java.util.concurrent.ThreadPoolExecutor.runWorker(ThreadPoolExecutor.java:1136)
at java.base/java.util.concurrent.ThreadPoolExecutor$Worker.run(ThreadPoolExecutor.java:635)
at java.base/java.lang.Thread.run(Thread.java:833)
]]>
    </error>
  </testcase> <!-- beforeMethod -->
  <system-out/>
  <testcase classname="testNG.VerifySignUpPage" name="signUpPage" time="0.000">
    <skipped/>
  </testcase> <!-- signUpPage -->
  <system-out/>
  <testcase classname="testNG.VerifySignUpPage" name="signpage1" time="0.000">
    <skipped/>
  </testcase> <!-- signpage1 -->
  <system-out/>
  <testcase classname="testNG.VerifySignUpPage" name="signUpPage" time="0.000">
    <skipped/>
  </testcase> <!-- signUpPage -->
  <system-out/>
  <testcase classname="testNG.VerifySignUpPage" name="signpage1" time="0.000">
    <skipped/>
  </testcase> <!-- signpage1 -->
  <system-out/>
  <testcase classname="testNG.VerifySignUpPage" name="beforeMethod" time="7.403">
    <error message="Cannot invoke &quot;pom.loginpage.clickOnCreateNewAcc()&quot; because &quot;this.loginPage&quot; is null" type="java.lang.NullPointerException">
      <![CDATA[java.lang.NullPointerException: Cannot invoke "pom.loginpage.clickOnCreateNewAcc()" because "this.loginPage" is null
at testNG.VerifySignUpPage.beforeMethod(VerifySignUpPage.java:63)
at java.base/jdk.internal.reflect.NativeMethodAccessorImpl.invoke0(Native Method)
at java.base/jdk.internal.reflect.NativeMethodAccessorImpl.invoke(NativeMethodAccessorImpl.java:77)
at java.base/jdk.internal.reflect.DelegatingMethodAccessorImpl.invoke(DelegatingMethodAccessorImpl.java:43)
at java.base/java.lang.reflect.Method.invoke(Method.java:568)
at org.testng.internal.MethodInvocationHelper.invokeMethod(MethodInvocationHelper.java:133)
at org.testng.internal.MethodInvocationHelper.invokeMethodConsideringTimeout(MethodInvocationHelper.java:62)
at org.testng.internal.ConfigInvoker.invokeConfigurationMethod(ConfigInvoker.java:385)
at org.testng.internal.ConfigInvoker.invokeConfigurations(ConfigInvoker.java:321)
at org.testng.internal.TestInvoker.runConfigMethods(TestInvoker.java:700)
at org.testng.internal.TestInvoker.invokeMethod(TestInvoker.java:527)
at org.testng.internal.TestInvoker.invokeTestMethod(TestInvoker.java:173)
at org.testng.internal.MethodRunner.runInSequence(MethodRunner.java:46)
at org.testng.internal.TestInvoker$MethodInvocationAgent.invoke(TestInvoker.java:824)
at org.testng.internal.TestInvoker.invokeTestMethods(TestInvoker.java:146)
at org.testng.internal.TestMethodWorker.invokeTestMethods(TestMethodWorker.java:146)
at org.testng.internal.TestMethodWorker.run(TestMethodWorker.java:128)
at java.base/java.util.concurrent.ThreadPoolExecutor.runWorker(ThreadPoolExecutor.java:1136)
at java.base/java.util.concurrent.ThreadPoolExecutor$Worker.run(ThreadPoolExecutor.java:635)
at java.base/java.lang.Thread.run(Thread.java:833)
]]>
    </error>
  </testcase> <!-- beforeMethod -->
  <system-out/>
</testsuite> <!-- testNG.VerifySignUpPage -->
